Requirement already satisfied: fastapi>=0.104.1 in ./venv/lib/python3.13/site-packages (from -r requirements.txt (line 1)) (0.104.1)
Requirement already satisfied: uvicorn>=0.24.0 in ./venv/lib/python3.13/site-packages (from uvicorn[standard]>=0.24.0->-r requirements.txt (line 2)) (0.24.0)
Requirement already satisfied: psutil>=5.9.6 in ./venv/lib/python3.13/site-packages (from -r requirements.txt (line 3)) (5.9.6)
Requirement already satisfied: pydantic>=2.5.0 in ./venv/lib/python3.13/site-packages (from -r requirements.txt (line 4)) (2.12.5)
Requirement already satisfied: python-multipart>=0.0.6 in ./venv/lib/python3.13/site-packages (from -r requirements.txt (line 5)) (0.0.21)
Requirement already satisfied: websockets>=12.0 in ./venv/lib/python3.13/site-packages (from -r requirements.txt (line 6)) (15.0.1)
Requirement already satisfied: aiofiles>=23.2.0 in ./venv/lib/python3.13/site-packages (from -r requirements.txt (line 7)) (25.1.0)
Requirement already satisfied: python-dateutil>=2.8.2 in ./venv/lib/python3.13/site-packages (from -r requirements.txt (line 8)) (2.9.0.post0)
Requirement already satisfied: docker==6.1.3 in ./venv/lib/python3.13/site-packages (from -r requirements.txt (line 9)) (6.1.3)
Requirement already satisfied: packaging>=14.0 in ./venv/lib/python3.13/site-packages (from docker==6.1.3->-r requirements.txt (line 9)) (25.0)
Requirement already satisfied: requests>=2.26.0 in ./venv/lib/python3.13/site-packages (from docker==6.1.3->-r requirements.txt (line 9)) (2.31.0)
Requirement already satisfied: urllib3>=1.26.0 in ./venv/lib/python3.13/site-packages (from docker==6.1.3->-r requirements.txt (line 9)) (2.6.2)
Requirement already satisfied: websocket-client>=0.32.0 in ./venv/lib/python3.13/site-packages (from docker==6.1.3->-r requirements.txt (line 9)) (1.9.0)
Requirement already satisfied: anyio<4.0.0,>=3.7.1 in ./venv/lib/python3.13/site-packages (from fastapi>=0.104.1->-r requirements.txt (line 1)) (3.7.1)
Requirement already satisfied: starlette<0.28.0,>=0.27.0 in ./venv/lib/python3.13/site-packages (from fastapi>=0.104.1->-r requirements.txt (line 1)) (0.27.0)
Requirement already satisfied: typing-extensions>=4.8.0 in ./venv/lib/python3.13/site-packages (from fastapi>=0.104.1->-r requirements.txt (line 1)) (4.15.0)
Requirement already satisfied: annotated-types>=0.6.0 in ./venv/lib/python3.13/site-packages (from pydantic>=2.5.0->-r requirements.txt (line 4)) (0.7.0)
Requirement already satisfied: pydantic-core==2.41.5 in ./venv/lib/python3.13/site-packages (from pydantic>=2.5.0->-r requirements.txt (line 4)) (2.41.5)
Requirement already satisfied: typing-inspection>=0.4.2 in ./venv/lib/python3.13/site-packages (from pydantic>=2.5.0->-r requirements.txt (line 4)) (0.4.2)
Requirement already satisfied: idna>=2.8 in ./venv/lib/python3.13/site-packages (from anyio<4.0.0,>=3.7.1->fastapi>=0.104.1->-r requirements.txt (line 1)) (3.11)
Requirement already satisfied: sniffio>=1.1 in ./venv/lib/python3.13/site-packages (from anyio<4.0.0,>=3.7.1->fastapi>=0.104.1->-r requirements.txt (line 1)) (1.3.1)
Requirement already satisfied: click>=7.0 in ./venv/lib/python3.13/site-packages (from uvicorn>=0.24.0->uvicorn[standard]>=0.24.0->-r requirements.txt (line 2)) (8.3.1)
Requirement already satisfied: h11>=0.8 in ./venv/lib/python3.13/site-packages (from uvicorn>=0.24.0->uvicorn[standard]>=0.24.0->-r requirements.txt (line 2)) (0.16.0)
Requirement already satisfied: six>=1.5 in ./venv/lib/python3.13/site-packages (from python-dateutil>=2.8.2->-r requirements.txt (line 8)) (1.17.0)
Requirement already satisfied: charset-normalizer<4,>=2 in ./venv/lib/python3.13/site-packages (from requests>=2.26.0->docker==6.1.3->-r requirements.txt (line 9)) (3.4.4)
Requirement already satisfied: certifi>=2017.4.17 in ./venv/lib/python3.13/site-packages (from requests>=2.26.0->docker==6.1.3->-r requirements.txt (line 9)) (2026.1.4)
Requirement already satisfied: httptools>=0.5.0 in ./venv/lib/python3.13/site-packages (from uvicorn[standard]>=0.24.0->-r requirements.txt (line 2)) (0.7.1)
Requirement already satisfied: python-dotenv>=0.13 in ./venv/lib/python3.13/site-packages (from uvicorn[standard]>=0.24.0->-r requirements.txt (line 2)) (1.0.0)
Requirement already satisfied: pyyaml>=5.1 in ./venv/lib/python3.13/site-packages (from uvicorn[standard]>=0.24.0->-r requirements.txt (line 2)) (6.0.3)
Requirement already satisfied: uvloop!=0.15.0,!=0.15.1,>=0.14.0 in ./venv/lib/python3.13/site-packages (from uvicorn[standard]>=0.24.0->-r requirements.txt (line 2)) (0.22.1)
Requirement already satisfied: watchfiles>=0.13 in ./venv/lib/python3.13/site-packages (from uvicorn[standard]>=0.24.0->-r requirements.txt (line 2)) (1.1.1)
